<?xml version="1.0" encoding="UTF-8"?>
<!-- Generated by org.testng.reporters.JUnitXMLReporter -->
<testsuite hostname="WINDOWS-2BDMIEJ" failures="0" tests="4" name="Default test" time="39.573" errors="0" timestamp="22 Jun 2021 18:39:01 GMT">
  <testcase classname="Regression.BUG4948" name="setBrowser" time="9.667"/>
  <testcase classname="Regression.BUG4948" name="LoginToApp" time="18.001"/>
  <testcase classname="Regression.BUG4948" name="TestLogic" time="11.7"/>
  <testcase classname="Regression.BUG4948" name="assertions" time="0.076"/>
</testsuite> <!-- Default test -->
