<?xml version="1.0" encoding="UTF-8"?>
<testng-results total="4" passed="4" failed="0" skipped="0">
  <reporter-output>
  </reporter-output>
  <suite started-at="2021-06-22T18:38:22Z" name="Default suite" finished-at="2021-06-22T18:39:01Z" duration-ms="39573">
    <groups>
    </groups>
    <test started-at="2021-06-22T18:38:22Z" name="Default test" finished-at="2021-06-22T18:39:01Z" duration-ms="39573">
      <class name="Regression.BUG4948">
        <test-method signature="setBrowser()[pri:0, instance:Regression.BUG4948@1e4d3ce5]" started-at="2021-06-23T00:08:22Z" name="setBrowser" finished-at="2021-06-23T00:08:32Z" duration-ms="9667" status="PASS">
          <reporter-output>
          </reporter-output>
        </test-method> <!-- setBrowser -->
        <test-method signature="LoginToApp()[pri:0, instance:Regression.BUG4948@1e4d3ce5]" started-at="2021-06-23T00:08:32Z" name="LoginToApp" finished-at="2021-06-23T00:08:50Z" duration-ms="18001" status="PASS">
          <reporter-output>
          </reporter-output>
        </test-method> <!-- LoginToApp -->
        <test-method signature="TestLogic()[pri:0, instance:Regression.BUG4948@1e4d3ce5]" started-at="2021-06-23T00:08:50Z" name="TestLogic" finished-at="2021-06-23T00:09:01Z" duration-ms="11700" status="PASS">
          <reporter-output>
          </reporter-output>
        </test-method> <!-- TestLogic -->
        <test-method signature="assertions()[pri:0, instance:Regression.BUG4948@1e4d3ce5]" started-at="2021-06-23T00:09:01Z" name="assertions" finished-at="2021-06-23T00:09:01Z" duration-ms="76" status="PASS">
          <reporter-output>
          </reporter-output>
        </test-method> <!-- assertions -->
      </class> <!-- Regression.BUG4948 -->
    </test> <!-- Default test -->
  </suite> <!-- Default suite -->
</testng-results>
